0 info it worked if it ends with ok
1 verbose cli [ '/usr/local/bin/node',
1 verbose cli   '/usr/local/bin/npm',
1 verbose cli   'install',
1 verbose cli   'mysql',
1 verbose cli   '--save' ]
2 info using npm@3.10.8
3 info using node@v6.9.1
4 silly loadCurrentTree Starting
5 silly install loadCurrentTree
6 silly install readLocalPackageData
7 silly fetchPackageMetaData mysql
8 silly fetchNamedPackageData mysql
9 silly mapToRegistry name mysql
10 silly mapToRegistry using default registry
11 silly mapToRegistry registry https://registry.npmjs.org/
12 silly mapToRegistry data Result {
12 silly mapToRegistry   raw: 'mysql',
12 silly mapToRegistry   scope: null,
12 silly mapToRegistry   escapedName: 'mysql',
12 silly mapToRegistry   name: 'mysql',
12 silly mapToRegistry   rawSpec: '',
12 silly mapToRegistry   spec: 'latest',
12 silly mapToRegistry   type: 'tag' }
13 silly mapToRegistry uri https://registry.npmjs.org/mysql
14 verbose request uri https://registry.npmjs.org/mysql
15 verbose request no auth needed
16 info attempt registry request try #1 at 2:10:53 PM
17 verbose request id 48e07da72871e88c
18 http request GET https://registry.npmjs.org/mysql
19 info retry will retry, error on last attempt: Error: socket hang up
20 info attempt registry request try #2 at 2:11:03 PM
21 http request GET https://registry.npmjs.org/mysql
22 info retry will retry, error on last attempt: Error: socket hang up
23 info attempt registry request try #3 at 2:12:03 PM
24 http request GET https://registry.npmjs.org/mysql
25 silly fetchPackageMetaData Error: socket hang up
25 silly fetchPackageMetaData     at TLSSocket.onHangUp (_tls_wrap.js:1094:19)
25 silly fetchPackageMetaData     at TLSSocket.g (events.js:291:16)
25 silly fetchPackageMetaData     at emitNone (events.js:91:20)
25 silly fetchPackageMetaData     at TLSSocket.emit (events.js:185:7)
25 silly fetchPackageMetaData     at endReadableNT (_stream_readable.js:974:12)
25 silly fetchPackageMetaData     at _combinedTickCallback (internal/process/next_tick.js:74:11)
25 silly fetchPackageMetaData     at process._tickCallback (internal/process/next_tick.js:98:9)
25 silly fetchPackageMetaData  error for mysql { Error: socket hang up
25 silly fetchPackageMetaData     at TLSSocket.onHangUp (_tls_wrap.js:1094:19)
25 silly fetchPackageMetaData     at TLSSocket.g (events.js:291:16)
25 silly fetchPackageMetaData     at emitNone (events.js:91:20)
25 silly fetchPackageMetaData     at TLSSocket.emit (events.js:185:7)
25 silly fetchPackageMetaData     at endReadableNT (_stream_readable.js:974:12)
25 silly fetchPackageMetaData     at _combinedTickCallback (internal/process/next_tick.js:74:11)
25 silly fetchPackageMetaData     at process._tickCallback (internal/process/next_tick.js:98:9) code: 'ECONNRESET' }
26 silly rollbackFailedOptional Starting
27 silly rollbackFailedOptional Finishing
28 silly runTopLevelLifecycles Finishing
29 silly install printInstalled
30 verbose stack Error: socket hang up
30 verbose stack     at TLSSocket.onHangUp (_tls_wrap.js:1094:19)
30 verbose stack     at TLSSocket.g (events.js:291:16)
30 verbose stack     at emitNone (events.js:91:20)
30 verbose stack     at TLSSocket.emit (events.js:185:7)
30 verbose stack     at endReadableNT (_stream_readable.js:974:12)
30 verbose stack     at _combinedTickCallback (internal/process/next_tick.js:74:11)
30 verbose stack     at process._tickCallback (internal/process/next_tick.js:98:9)
31 verbose cwd /Users/zenofranca/DEVELOPER/GED
32 error Darwin 15.6.0
33 error argv "/usr/local/bin/node" "/usr/local/bin/npm" "install" "mysql" "--save"
34 error node v6.9.1
35 error npm  v3.10.8
36 error code ECONNRESET
37 error network socket hang up
38 error network This is most likely not a problem with npm itself
38 error network and is related to network connectivity.
38 error network In most cases you are behind a proxy or have bad network settings.
38 error network
38 error network If you are behind a proxy, please make sure that the
38 error network 'proxy' config is set properly.  See: 'npm help config'
39 verbose exit [ 1, true ]
